<?xml version="1.1" encoding="UTF-8"?>
<testsuite name="org.springframework.social.vkontakte.api.impl.FeedTemplateTest" tests="6" failures="0" errors="0" timestamp="2013-10-23T06:59:32" hostname="budkal-PC" time="0.438">
  <properties/>
  <testcase name="getFeed4__unauthorized" classname="org.springframework.social.vkontakte.api.impl.FeedTemplateTest" time="0.288"/>
  <testcase name="searchUserFeed2__unauthorized" classname="org.springframework.social.vkontakte.api.impl.FeedTemplateTest" time="0.049"/>
  <testcase name="getFeed2__unauthorized" classname="org.springframework.social.vkontakte.api.impl.FeedTemplateTest" time="0.026"/>
  <testcase name="getFeed3__unauthorized" classname="org.springframework.social.vkontakte.api.impl.FeedTemplateTest" time="0.025"/>
  <testcase name="searchUserFeed1__unauthorized" classname="org.springframework.social.vkontakte.api.impl.FeedTemplateTest" time="0.024"/>
  <testcase name="getFeed1__unauthorized" classname="org.springframework.social.vkontakte.api.impl.FeedTemplateTest" time="0.023"/>
  <system-out><![CDATA[]]></system-out>
  <system-err><![CDATA[]]></system-err>
</testsuite>
