<?xml version="1.1" encoding="UTF-8"?>
<testsuite name="org.springframework.social.vkontakte.api.impl.VKontakteTemplateTest" tests="2" failures="0" errors="0" timestamp="2013-10-23T06:59:33" hostname="budkal-PC" time="0.029">
  <properties/>
  <testcase name="isAuthorizedForUser_notAuthorized" classname="org.springframework.social.vkontakte.api.impl.VKontakteTemplateTest" time="0.014"/>
  <testcase name="isAuthorizedForUser" classname="org.springframework.social.vkontakte.api.impl.VKontakteTemplateTest" time="0.015"/>
  <system-out><![CDATA[]]></system-out>
  <system-err><![CDATA[]]></system-err>
</testsuite>
