<?xml version="1.1" encoding="UTF-8"?>
<testsuite name="org.springframework.social.vkontakte.connect.VKontakteAdapterTest" tests="1" failures="0" errors="0" timestamp="2013-10-23T06:59:33" hostname="budkal-PC" time="0.014">
  <properties/>
  <testcase name="fetchProfile" classname="org.springframework.social.vkontakte.connect.VKontakteAdapterTest" time="0.014"/>
  <system-out><![CDATA[]]></system-out>
  <system-err><![CDATA[]]></system-err>
</testsuite>
