<?xml version="1.1" encoding="UTF-8"?>
<testsuite name="org.springframework.social.vkontakte.api.impl.FriendsTemplateTest" tests="5" failures="0" errors="0" timestamp="2013-10-23T06:59:33" hostname="budkal-PC" time="0.222">
  <properties/>
  <testcase name="get_currentUser_unauthorized" classname="org.springframework.social.vkontakte.api.impl.FriendsTemplateTest" time="0.025"/>
  <testcase name="get_byUserId" classname="org.springframework.social.vkontakte.api.impl.FriendsTemplateTest" time="0.116"/>
  <testcase name="getFriends_byUserId_unauthorized" classname="org.springframework.social.vkontakte.api.impl.FriendsTemplateTest" time="0.022"/>
  <testcase name="get_currentUser" classname="org.springframework.social.vkontakte.api.impl.FriendsTemplateTest" time="0.027"/>
  <testcase name="get_expiredToken" classname="org.springframework.social.vkontakte.api.impl.FriendsTemplateTest" time="0.031"/>
  <system-out><![CDATA[]]></system-out>
  <system-err><![CDATA[]]></system-err>
</testsuite>
