<?xml version="1.0" encoding="UTF-8"?>
<beans xmlns="http://www.springframework.org/schema/beans"
	xmlns:xsi="http://www.w3.org/2001/XMLSchema-instance"
	xmlns:context="http://www.springframework.org/schema/context"
	xsi:schemaLocation="http://www.springframework.org/schema/beans http://www.springframework.org/schema/beans/spring-beans.xsd
		http://www.springframework.org/schema/context http://www.springframework.org/schema/context/spring-context-3.2.xsd">

	<bean id="restTemplate" class="org.springframework.web.client.RestTemplate">
		<constructor-arg>
			<bean
				class="org.springframework.http.client.HttpComponentsClientHttpRequestFactory">
				<property name="readTimeout" value="30000" />
				<property name="connectTimeout" value="30000" />
			</bean>
		</constructor-arg>
		<property name="messageConverters">
			<list>
				<bean
					class="org.springframework.http.converter.ByteArrayHttpMessageConverter" />
				<bean
					class="com.abudko.reseller.huuto.query.CustomStringHttpMessageConverter" />
				<bean
					class="org.springframework.http.converter.ResourceHttpMessageConverter" />
				<bean class="org.springframework.http.converter.FormHttpMessageConverter" />
				<bean
					class="org.springframework.http.converter.xml.SourceHttpMessageConverter" />
				<bean
					class="org.springframework.http.converter.json.MappingJackson2HttpMessageConverter" />
				<bean
					class="org.springframework.http.converter.feed.AtomFeedHttpMessageConverter" />
				<bean
					class="org.springframework.http.converter.feed.RssChannelHttpMessageConverter" />
			</list>
		</property>
	</bean>

	<context:component-scan base-package="com.abudko.reseller" />

	<import resource="test-common-config.xml" />

</beans>
